<?xml version="1.0" encoding="UTF-8" standalone="yes"?><!DOCTYPE report PUBLIC "-//JACOCO//DTD Report 1.1//EN" "report.dtd"><report name="backend"><sessioninfo id="vaibhav-Lenovo-ideapad-320-15IKB-380b2f35" start="1666017569694" dump="1666017571520"/><package name="com/geektrust/backend/entities"><class name="com/geektrust/backend/entities/Bill" sourcefilename="Bill.java"><method name="&lt;init&gt;" desc="(Lcom/geektrust/backend/entities/Apartment;Ljava/lang/Double;)V" line="7"><counter type="INSTRUCTION" missed="0" covered="9"/><counter type="LINE" missed="0" covered="4"/><counter type="COMPLEXITY" missed="0" covered="1"/><counter type="METHOD" missed="0" covered="1"/></method><method name="getTotalAmount" desc="()Ljava/lang/Double;" line="12"><counter type="INSTRUCTION" missed="0" covered="3"/><counter type="LINE" missed="0" covered="1"/><counter type="COMPLEXITY" missed="0" covered="1"/><counter type="METHOD" missed="0" covered="1"/></method><counter type="INSTRUCTION" missed="0" covered="12"/><counter type="LINE" missed="0" covered="5"/><counter type="COMPLEXITY" missed="0" covered="2"/><counter type="METHOD" missed="0" covered="2"/><counter type="CLASS" missed="0" covered="1"/></class><class name="com/geektrust/backend/entities/Apartment" sourcefilename="Apartment.java"><method name="&lt;init&gt;" desc="()V" line="14"><counter type="INSTRUCTION" missed="0" covered="3"/><counter type="LINE" missed="0" covered="1"/><counter type="COMPLEXITY" missed="0" covered="1"/><counter type="METHOD" missed="0" covered="1"/></method><method name="&lt;init&gt;" desc="(Ljava/lang/Integer;Ljava/lang/String;)V" line="15"><counter type="INSTRUCTION" missed="0" covered="35"/><counter type="LINE" missed="0" covered="12"/><counter type="COMPLEXITY" missed="0" covered="1"/><counter type="METHOD" missed="0" covered="1"/></method><method name="setTotalNoOfPeopleInApartment" desc="()V" line="29"><counter type="INSTRUCTION" missed="0" covered="18"/><counter type="BRANCH" missed="1" covered="3"/><counter type="LINE" missed="0" covered="5"/><counter type="COMPLEXITY" missed="1" covered="2"/><counter type="METHOD" missed="0" covered="1"/></method><method name="allotWaterToCorporateAndBoreWell" desc="(Ljava/lang/String;)V" line="37"><counter type="INSTRUCTION" missed="0" covered="41"/><counter type="LINE" missed="0" covered="7"/><counter type="COMPLEXITY" missed="0" covered="1"/><counter type="METHOD" missed="0" covered="1"/></method><method name="setMonthlyWaterAllocatedForPeopleAndTotalWaterConsumed" desc="()V" line="46"><counter type="INSTRUCTION" missed="0" covered="17"/><counter type="LINE" missed="0" covered="3"/><counter type="COMPLEXITY" missed="0" covered="1"/><counter type="METHOD" missed="0" covered="1"/></method><method name="addGuestToApartment" desc="(I)V" line="51"><counter type="INSTRUCTION" missed="0" covered="23"/><counter type="LINE" missed="0" covered="3"/><counter type="COMPLEXITY" missed="0" covered="1"/><counter type="METHOD" missed="0" covered="1"/></method><method name="getNoOfAdditionalGuest" desc="()Ljava/lang/Integer;" line="56"><counter type="INSTRUCTION" missed="0" covered="3"/><counter type="LINE" missed="0" covered="1"/><counter type="COMPLEXITY" missed="0" covered="1"/><counter type="METHOD" missed="0" covered="1"/></method><method name="getAllocatedWaterForCorporationWater" desc="()D" line="60"><counter type="INSTRUCTION" missed="0" covered="3"/><counter type="LINE" missed="0" covered="1"/><counter type="COMPLEXITY" missed="0" covered="1"/><counter type="METHOD" missed="0" covered="1"/></method><method name="getAllocatedWaterForBoreWellWater" desc="()D" line="64"><counter type="INSTRUCTION" missed="0" covered="3"/><counter type="LINE" missed="0" covered="1"/><counter type="COMPLEXITY" missed="0" covered="1"/><counter type="METHOD" missed="0" covered="1"/></method><method name="getTotalWaterConsumed" desc="()Ljava/lang/Integer;" line="68"><counter type="INSTRUCTION" missed="0" covered="3"/><counter type="LINE" missed="0" covered="1"/><counter type="COMPLEXITY" missed="0" covered="1"/><counter type="METHOD" missed="0" covered="1"/></method><method name="getMonthlyWaterAllocatedForTenants" desc="()Ljava/lang/Integer;" line="72"><counter type="INSTRUCTION" missed="0" covered="3"/><counter type="LINE" missed="0" covered="1"/><counter type="COMPLEXITY" missed="0" covered="1"/><counter type="METHOD" missed="0" covered="1"/></method><counter type="INSTRUCTION" missed="0" covered="152"/><counter type="BRANCH" missed="1" covered="3"/><counter type="LINE" missed="0" covered="36"/><counter type="COMPLEXITY" missed="1" covered="12"/><counter type="METHOD" missed="0" covered="11"/><counter type="CLASS" missed="0" covered="1"/></class><sourcefile name="Bill.java"><line nr="7" mi="0" ci="2" mb="0" cb="0"/><line nr="8" mi="0" ci="3" mb="0" cb="0"/><line nr="9" mi="0" ci="3" mb="0" cb="0"/><line nr="10" mi="0" ci="1" mb="0" cb="0"/><line nr="12" mi="0" ci="3" mb="0" cb="0"/><counter type="INSTRUCTION" missed="0" covered="12"/><counter type="LINE" missed="0" covered="5"/><counter type="COMPLEXITY" missed="0" covered="2"/><counter type="METHOD" missed="0" covered="2"/><counter type="CLASS" missed="0" covered="1"/></sourcefile><sourcefile name="Apartment.java"><line nr="14" mi="0" ci="3" mb="0" cb="0"/><line nr="15" mi="0" ci="2" mb="0" cb="0"/><line nr="16" mi="0" ci="3" mb="0" cb="0"/><line nr="17" mi="0" ci="4" mb="0" cb="0"/><line nr="18" mi="0" ci="4" mb="0" cb="0"/><line nr="19" mi="0" ci="4" mb="0" cb="0"/><line nr="20" mi="0" ci="3" mb="0" cb="0"/><line nr="21" mi="0" ci="3" mb="0" cb="0"/><line nr="22" mi="0" ci="4" mb="0" cb="0"/><line nr="23" mi="0" ci="2" mb="0" cb="0"/><line nr="24" mi="0" ci="2" mb="0" cb="0"/><line nr="25" mi="0" ci="3" mb="0" cb="0"/><line nr="26" mi="0" ci="1" mb="0" cb="0"/><line nr="29" mi="0" ci="5" mb="0" cb="2"/><line nr="30" mi="0" ci="4" mb="0" cb="0"/><line nr="31" mi="0" ci="5" mb="1" cb="1"/><line nr="32" mi="0" ci="3" mb="0" cb="0"/><line nr="34" mi="0" ci="1" mb="0" cb="0"/><line nr="37" mi="0" ci="4" mb="0" cb="0"/><line nr="38" mi="0" ci="5" mb="0" cb="0"/><line nr="39" mi="0" ci="5" mb="0" cb="0"/><line nr="40" mi="0" ci="4" mb="0" cb="0"/><line nr="41" mi="0" ci="11" mb="0" cb="0"/><line nr="42" mi="0" ci="11" mb="0" cb="0"/><line nr="43" mi="0" ci="1" mb="0" cb="0"/><line nr="46" mi="0" ci="12" mb="0" cb="0"/><line nr="47" mi="0" ci="4" mb="0" cb="0"/><line nr="48" mi="0" ci="1" mb="0" cb="0"/><line nr="51" mi="0" ci="8" mb="0" cb="0"/><line nr="52" mi="0" ci="14" mb="0" cb="0"/><line nr="53" mi="0" ci="1" mb="0" cb="0"/><line nr="56" mi="0" ci="3" mb="0" cb="0"/><line nr="60" mi="0" ci="3" mb="0" cb="0"/><line nr="64" mi="0" ci="3" mb="0" cb="0"/><line nr="68" mi="0" ci="3" mb="0" cb="0"/><line nr="72" mi="0" ci="3" mb="0" cb="0"/><counter type="INSTRUCTION" missed="0" covered="152"/><counter type="BRANCH" missed="1" covered="3"/><counter type="LINE" missed="0" covered="36"/><counter type="COMPLEXITY" missed="1" covered="12"/><counter type="METHOD" missed="0" covered="11"/><counter type="CLASS" missed="0" covered="1"/></sourcefile><counter type="INSTRUCTION" missed="0" covered="164"/><counter type="BRANCH" missed="1" covered="3"/><counter type="LINE" missed="0" covered="41"/><counter type="COMPLEXITY" missed="1" covered="14"/><counter type="METHOD" missed="0" covered="13"/><counter type="CLASS" missed="0" covered="2"/></package><package name="com/geektrust/backend/commands"><class name="com/geektrust/backend/commands/CommandInvoker" sourcefilename="CommandInvoker.java"><method name="&lt;init&gt;" desc="()V" line="9"><counter type="INSTRUCTION" missed="0" covered="3"/><counter type="LINE" missed="0" covered="1"/><counter type="COMPLEXITY" missed="0" covered="1"/><counter type="METHOD" missed="0" covered="1"/></method><method name="register" desc="(Ljava/lang/String;Lcom/geektrust/backend/commands/ICommand;)V" line="13"><counter type="INSTRUCTION" missed="0" covered="6"/><counter type="LINE" missed="0" covered="2"/><counter type="COMPLEXITY" missed="0" covered="1"/><counter type="METHOD" missed="0" covered="1"/></method><method name="get" desc="(Ljava/lang/String;)Lcom/geektrust/backend/commands/ICommand;" line="17"><counter type="INSTRUCTION" missed="0" covered="5"/><counter type="LINE" missed="0" covered="1"/><counter type="COMPLEXITY" missed="0" covered="1"/><counter type="METHOD" missed="0" covered="1"/></method><method name="executeCommand" desc="(Ljava/lang/String;Ljava/util/List;)V" line="21"><counter type="INSTRUCTION" missed="0" covered="14"/><counter type="BRANCH" missed="0" covered="2"/><counter type="LINE" missed="0" covered="5"/><counter type="COMPLEXITY" missed="0" covered="2"/><counter type="METHOD" missed="0" covered="1"/></method><method name="&lt;clinit&gt;" desc="()V" line="10"><counter type="INSTRUCTION" missed="0" covered="5"/><counter type="LINE" missed="0" covered="1"/><counter type="COMPLEXITY" missed="0" covered="1"/><counter type="METHOD" missed="0" covered="1"/></method><counter type="INSTRUCTION" missed="0" covered="33"/><counter type="BRANCH" missed="0" covered="2"/><counter type="LINE" missed="0" covered="10"/><counter type="COMPLEXITY" missed="0" covered="6"/><counter type="METHOD" missed="0" covered="5"/><counter type="CLASS" missed="0" covered="1"/></class><class name="com/geektrust/backend/commands/AllotWaterCommand" sourcefilename="AllotWaterCommand.java"><method name="&lt;init&gt;" desc="(Lcom/geektrust/backend/services/IBillService;)V" line="12"><counter type="INSTRUCTION" missed="0" covered="6"/><counter type="LINE" missed="0" covered="3"/><counter type="COMPLEXITY" missed="0" covered="1"/><counter type="METHOD" missed="0" covered="1"/></method><method name="execute" desc="(Ljava/util/List;)V" line="18"><counter type="INSTRUCTION" missed="10" covered="14"/><counter type="LINE" missed="4" covered="3"/><counter type="COMPLEXITY" missed="0" covered="1"/><counter type="METHOD" missed="0" covered="1"/></method><counter type="INSTRUCTION" missed="10" covered="20"/><counter type="LINE" missed="4" covered="6"/><counter type="COMPLEXITY" missed="0" covered="2"/><counter type="METHOD" missed="0" covered="2"/><counter type="CLASS" missed="0" covered="1"/></class><class name="com/geektrust/backend/commands/ICommand" sourcefilename="ICommand.java"/><class name="com/geektrust/backend/commands/AddGuestCommand" sourcefilename="AddGuestCommand.java"><method name="&lt;init&gt;" desc="(Lcom/geektrust/backend/services/IBillService;)V" line="12"><counter type="INSTRUCTION" missed="0" covered="6"/><counter type="LINE" missed="0" covered="3"/><counter type="COMPLEXITY" missed="0" covered="1"/><counter type="METHOD" missed="0" covered="1"/></method><method name="execute" desc="(Ljava/util/List;)V" line="19"><counter type="INSTRUCTION" missed="10" covered="10"/><counter type="LINE" missed="4" covered="3"/><counter type="COMPLEXITY" missed="0" covered="1"/><counter type="METHOD" missed="0" covered="1"/></method><counter type="INSTRUCTION" missed="10" covered="16"/><counter type="LINE" missed="4" covered="6"/><counter type="COMPLEXITY" missed="0" covered="2"/><counter type="METHOD" missed="0" covered="2"/><counter type="CLASS" missed="0" covered="1"/></class><class name="com/geektrust/backend/commands/CreateBillCommand" sourcefilename="CreateBillCommand.java"><method name="&lt;init&gt;" desc="(Lcom/geektrust/backend/services/IBillService;)V" line="10"><counter type="INSTRUCTION" missed="0" covered="6"/><counter type="LINE" missed="0" covered="3"/><counter type="COMPLEXITY" missed="0" covered="1"/><counter type="METHOD" missed="0" covered="1"/></method><method name="execute" desc="(Ljava/util/List;)V" line="17"><counter type="INSTRUCTION" missed="10" covered="7"/><counter type="LINE" missed="4" covered="3"/><counter type="COMPLEXITY" missed="0" covered="1"/><counter type="METHOD" missed="0" covered="1"/></method><counter type="INSTRUCTION" missed="10" covered="13"/><counter type="LINE" missed="4" covered="6"/><counter type="COMPLEXITY" missed="0" covered="2"/><counter type="METHOD" missed="0" covered="2"/><counter type="CLASS" missed="0" covered="1"/></class><sourcefile name="CreateBillCommand.java"><line nr="10" mi="0" ci="2" mb="0" cb="0"/><line nr="11" mi="0" ci="3" mb="0" cb="0"/><line nr="12" mi="0" ci="1" mb="0" cb="0"/><line nr="17" mi="0" ci="5" mb="0" cb="0"/><line nr="18" mi="1" ci="0" mb="0" cb="0"/><line nr="19" mi="3" ci="0" mb="0" cb="0"/><line nr="20" mi="1" ci="0" mb="0" cb="0"/><line nr="21" mi="4" ci="0" mb="0" cb="0"/><line nr="22" mi="1" ci="1" mb="0" cb="0"/><line nr="23" mi="0" ci="1" mb="0" cb="0"/><counter type="INSTRUCTION" missed="10" covered="13"/><counter type="LINE" missed="4" covered="6"/><counter type="COMPLEXITY" missed="0" covered="2"/><counter type="METHOD" missed="0" covered="2"/><counter type="CLASS" missed="0" covered="1"/></sourcefile><sourcefile name="CommandInvoker.java"><line nr="9" mi="0" ci="3" mb="0" cb="0"/><line nr="10" mi="0" ci="5" mb="0" cb="0"/><line nr="13" mi="0" ci="5" mb="0" cb="0"/><line nr="14" mi="0" ci="1" mb="0" cb="0"/><line nr="17" mi="0" ci="5" mb="0" cb="0"/><line nr="21" mi="0" ci="4" mb="0" cb="0"/><line nr="22" mi="0" ci="2" mb="0" cb="2"/><line nr="23" mi="0" ci="4" mb="0" cb="0"/><line nr="25" mi="0" ci="3" mb="0" cb="0"/><line nr="26" mi="0" ci="1" mb="0" cb="0"/><counter type="INSTRUCTION" missed="0" covered="33"/><counter type="BRANCH" missed="0" covered="2"/><counter type="LINE" missed="0" covered="10"/><counter type="COMPLEXITY" missed="0" covered="6"/><counter type="METHOD" missed="0" covered="5"/><counter type="CLASS" missed="0" covered="1"/></sourcefile><sourcefile name="ICommand.java"/><sourcefile name="AddGuestCommand.java"><line nr="12" mi="0" ci="2" mb="0" cb="0"/><line nr="13" mi="0" ci="3" mb="0" cb="0"/><line nr="14" mi="0" ci="1" mb="0" cb="0"/><line nr="19" mi="0" ci="8" mb="0" cb="0"/><line nr="20" mi="1" ci="0" mb="0" cb="0"/><line nr="21" mi="3" ci="0" mb="0" cb="0"/><line nr="22" mi="1" ci="0" mb="0" cb="0"/><line nr="23" mi="4" ci="0" mb="0" cb="0"/><line nr="24" mi="1" ci="1" mb="0" cb="0"/><line nr="26" mi="0" ci="1" mb="0" cb="0"/><counter type="INSTRUCTION" missed="10" covered="16"/><counter type="LINE" missed="4" covered="6"/><counter type="COMPLEXITY" missed="0" covered="2"/><counter type="METHOD" missed="0" covered="2"/><counter type="CLASS" missed="0" covered="1"/></sourcefile><sourcefile name="AllotWaterCommand.java"><line nr="12" mi="0" ci="2" mb="0" cb="0"/><line nr="13" mi="0" ci="3" mb="0" cb="0"/><line nr="14" mi="0" ci="1" mb="0" cb="0"/><line nr="18" mi="0" ci="12" mb="0" cb="0"/><line nr="19" mi="1" ci="0" mb="0" cb="0"/><line nr="20" mi="3" ci="0" mb="0" cb="0"/><line nr="21" mi="1" ci="0" mb="0" cb="0"/><line nr="22" mi="4" ci="0" mb="0" cb="0"/><line nr="23" mi="1" ci="1" mb="0" cb="0"/><line nr="24" mi="0" ci="1" mb="0" cb="0"/><counter type="INSTRUCTION" missed="10" covered="20"/><counter type="LINE" missed="4" covered="6"/><counter type="COMPLEXITY" missed="0" covered="2"/><counter type="METHOD" missed="0" covered="2"/><counter type="CLASS" missed="0" covered="1"/></sourcefile><counter type="INSTRUCTION" missed="30" covered="82"/><counter type="BRANCH" missed="0" covered="2"/><counter type="LINE" missed="12" covered="28"/><counter type="COMPLEXITY" missed="0" covered="12"/><counter type="METHOD" missed="0" covered="11"/><counter type="CLASS" missed="0" covered="4"/></package><package name="com/geektrust/backend/constantsValue"><class name="com/geektrust/backend/constantsValue/ConstantsValue" sourcefilename="ConstantsValue.java"><method name="&lt;init&gt;" desc="()V" line="3"><counter type="INSTRUCTION" missed="3" covered="0"/><counter type="LINE" missed="1" covered="0"/><counter type="COMPLEXITY" missed="1" covered="0"/><counter type="METHOD" missed="1" covered="0"/></method><method name="&lt;clinit&gt;" desc="()V" line="4"><counter type="INSTRUCTION" missed="0" covered="49"/><counter type="LINE" missed="0" covered="16"/><counter type="COMPLEXITY" missed="0" covered="1"/><counter type="METHOD" missed="0" covered="1"/></method><counter type="INSTRUCTION" missed="3" covered="49"/><counter type="LINE" missed="1" covered="16"/><counter type="COMPLEXITY" missed="1" covered="1"/><counter type="METHOD" missed="1" covered="1"/><counter type="CLASS" missed="0" covered="1"/></class><sourcefile name="ConstantsValue.java"><line nr="3" mi="3" ci="0" mb="0" cb="0"/><line nr="4" mi="0" ci="3" mb="0" cb="0"/><line nr="5" mi="0" ci="3" mb="0" cb="0"/><line nr="6" mi="0" ci="3" mb="0" cb="0"/><line nr="7" mi="0" ci="3" mb="0" cb="0"/><line nr="8" mi="0" ci="3" mb="0" cb="0"/><line nr="9" mi="0" ci="3" mb="0" cb="0"/><line nr="10" mi="0" ci="3" mb="0" cb="0"/><line nr="11" mi="0" ci="3" mb="0" cb="0"/><line nr="12" mi="0" ci="3" mb="0" cb="0"/><line nr="13" mi="0" ci="3" mb="0" cb="0"/><line nr="14" mi="0" ci="3" mb="0" cb="0"/><line nr="15" mi="0" ci="3" mb="0" cb="0"/><line nr="16" mi="0" ci="3" mb="0" cb="0"/><line nr="17" mi="0" ci="3" mb="0" cb="0"/><line nr="18" mi="0" ci="3" mb="0" cb="0"/><line nr="19" mi="0" ci="4" mb="0" cb="0"/><counter type="INSTRUCTION" missed="3" covered="49"/><counter type="LINE" missed="1" covered="16"/><counter type="COMPLEXITY" missed="1" covered="1"/><counter type="METHOD" missed="1" covered="1"/><counter type="CLASS" missed="0" covered="1"/></sourcefile><counter type="INSTRUCTION" missed="3" covered="49"/><counter type="LINE" missed="1" covered="16"/><counter type="COMPLEXITY" missed="1" covered="1"/><counter type="METHOD" missed="1" covered="1"/><counter type="CLASS" missed="0" covered="1"/></package><package name="com/geektrust/backend/appConfig"><class name="com/geektrust/backend/appConfig/ApplicationConfig" sourcefilename="ApplicationConfig.java"><method name="&lt;init&gt;" desc="()V" line="10"><counter type="INSTRUCTION" missed="0" covered="34"/><counter type="LINE" missed="0" covered="6"/><counter type="COMPLEXITY" missed="0" covered="1"/><counter type="METHOD" missed="0" covered="1"/></method><method name="getCommandInvoker" desc="()Lcom/geektrust/backend/commands/CommandInvoker;" line="21"><counter type="INSTRUCTION" missed="0" covered="21"/><counter type="LINE" missed="0" covered="4"/><counter type="COMPLEXITY" missed="0" covered="1"/><counter type="METHOD" missed="0" covered="1"/></method><counter type="INSTRUCTION" missed="0" covered="55"/><counter type="LINE" missed="0" covered="10"/><counter type="COMPLEXITY" missed="0" covered="2"/><counter type="METHOD" missed="0" covered="2"/><counter type="CLASS" missed="0" covered="1"/></class><sourcefile name="ApplicationConfig.java"><line nr="10" mi="0" ci="2" mb="0" cb="0"/><line nr="12" mi="0" ci="5" mb="0" cb="0"/><line nr="14" mi="0" ci="7" mb="0" cb="0"/><line nr="15" mi="0" ci="7" mb="0" cb="0"/><line nr="16" mi="0" ci="7" mb="0" cb="0"/><line nr="18" mi="0" ci="6" mb="0" cb="0"/><line nr="21" mi="0" ci="6" mb="0" cb="0"/><line nr="22" mi="0" ci="6" mb="0" cb="0"/><line nr="23" mi="0" ci="6" mb="0" cb="0"/><line nr="25" mi="0" ci="3" mb="0" cb="0"/><counter type="INSTRUCTION" missed="0" covered="55"/><counter type="LINE" missed="0" covered="10"/><counter type="COMPLEXITY" missed="0" covered="2"/><counter type="METHOD" missed="0" covered="2"/><counter type="CLASS" missed="0" covered="1"/></sourcefile><counter type="INSTRUCTION" missed="0" covered="55"/><counter type="LINE" missed="0" covered="10"/><counter type="COMPLEXITY" missed="0" covered="2"/><counter type="METHOD" missed="0" covered="2"/><counter type="CLASS" missed="0" covered="1"/></package><package name="com/geektrust/backend/services"><class name="com/geektrust/backend/services/IBillService" sourcefilename="IBillService.java"/><class name="com/geektrust/backend/services/BillService" sourcefilename="BillService.java"><method name="&lt;init&gt;" desc="()V" line="12"><counter type="INSTRUCTION" missed="0" covered="8"/><counter type="LINE" missed="0" covered="3"/><counter type="COMPLEXITY" missed="0" covered="1"/><counter type="METHOD" missed="0" covered="1"/></method><method name="allotWater" desc="(Ljava/lang/Integer;Ljava/lang/String;)V" line="18"><counter type="INSTRUCTION" missed="0" covered="8"/><counter type="LINE" missed="0" covered="2"/><counter type="COMPLEXITY" missed="0" covered="1"/><counter type="METHOD" missed="0" covered="1"/></method><method name="addGuest" desc="(Ljava/lang/Integer;)V" line="23"><counter type="INSTRUCTION" missed="0" covered="6"/><counter type="LINE" missed="0" covered="2"/><counter type="COMPLEXITY" missed="0" covered="1"/><counter type="METHOD" missed="0" covered="1"/></method><method name="calculateBill" desc="()Lcom/geektrust/backend/dto/BillDto;" line="28"><counter type="INSTRUCTION" missed="0" covered="28"/><counter type="LINE" missed="0" covered="3"/><counter type="COMPLEXITY" missed="0" covered="1"/><counter type="METHOD" missed="0" covered="1"/></method><method name="calculateBillForCorporateWater" desc="()D" line="34"><counter type="INSTRUCTION" missed="0" covered="8"/><counter type="LINE" missed="0" covered="1"/><counter type="COMPLEXITY" missed="0" covered="1"/><counter type="METHOD" missed="0" covered="1"/></method><method name="calculateBillForBoreWellWater" desc="()D" line="38"><counter type="INSTRUCTION" missed="0" covered="7"/><counter type="LINE" missed="0" covered="1"/><counter type="COMPLEXITY" missed="0" covered="1"/><counter type="METHOD" missed="0" covered="1"/></method><method name="calculateBillForTankerWater" desc="()D" line="42"><counter type="INSTRUCTION" missed="61" covered="53"/><counter type="BRANCH" missed="6" covered="4"/><counter type="LINE" missed="7" covered="9"/><counter type="COMPLEXITY" missed="4" covered="2"/><counter type="METHOD" missed="0" covered="1"/></method><counter type="INSTRUCTION" missed="61" covered="118"/><counter type="BRANCH" missed="6" covered="4"/><counter type="LINE" missed="7" covered="21"/><counter type="COMPLEXITY" missed="4" covered="8"/><counter type="METHOD" missed="0" covered="7"/><counter type="CLASS" missed="0" covered="1"/></class><sourcefile name="BillService.java"><line nr="12" mi="0" ci="2" mb="0" cb="0"/><line nr="13" mi="0" ci="5" mb="0" cb="0"/><line nr="14" mi="0" ci="1" mb="0" cb="0"/><line nr="18" mi="0" ci="7" mb="0" cb="0"/><line nr="19" mi="0" ci="1" mb="0" cb="0"/><line nr="23" mi="0" ci="5" mb="0" cb="0"/><line nr="24" mi="0" ci="1" mb="0" cb="0"/><line nr="28" mi="0" ci="9" mb="0" cb="0"/><line nr="29" mi="0" ci="8" mb="0" cb="0"/><line nr="30" mi="0" ci="11" mb="0" cb="0"/><line nr="34" mi="0" ci="8" mb="0" cb="0"/><line nr="38" mi="0" ci="7" mb="0" cb="0"/><line nr="42" mi="0" ci="10" mb="0" cb="0"/><line nr="43" mi="0" ci="2" mb="0" cb="0"/><line nr="45" mi="0" ci="4" mb="0" cb="2"/><line nr="46" mi="0" ci="9" mb="0" cb="0"/><line nr="48" mi="0" ci="6" mb="1" cb="1"/><line nr="49" mi="0" ci="2" mb="1" cb="1"/><line nr="50" mi="0" ci="8" mb="0" cb="0"/><line nr="51" mi="0" ci="10" mb="0" cb="0"/><line nr="52" mi="8" ci="0" mb="4" cb="0"/><line nr="53" mi="14" ci="0" mb="0" cb="0"/><line nr="54" mi="10" ci="0" mb="0" cb="0"/><line nr="56" mi="7" ci="0" mb="0" cb="0"/><line nr="57" mi="6" ci="0" mb="0" cb="0"/><line nr="58" mi="7" ci="0" mb="0" cb="0"/><line nr="59" mi="9" ci="0" mb="0" cb="0"/><line nr="61" mi="0" ci="2" mb="0" cb="0"/><counter type="INSTRUCTION" missed="61" covered="118"/><counter type="BRANCH" missed="6" covered="4"/><counter type="LINE" missed="7" covered="21"/><counter type="COMPLEXITY" missed="4" covered="8"/><counter type="METHOD" missed="0" covered="7"/><counter type="CLASS" missed="0" covered="1"/></sourcefile><sourcefile name="IBillService.java"/><counter type="INSTRUCTION" missed="61" covered="118"/><counter type="BRANCH" missed="6" covered="4"/><counter type="LINE" missed="7" covered="21"/><counter type="COMPLEXITY" missed="4" covered="8"/><counter type="METHOD" missed="0" covered="7"/><counter type="CLASS" missed="0" covered="1"/></package><package name="com/geektrust/backend/exceptions"><class name="com/geektrust/backend/exceptions/NoSuchCommandException" sourcefilename="NoSuchCommandException.java"><method name="&lt;init&gt;" desc="()V" line="5"><counter type="INSTRUCTION" missed="0" covered="3"/><counter type="LINE" missed="0" covered="2"/><counter type="COMPLEXITY" missed="0" covered="1"/><counter type="METHOD" missed="0" covered="1"/></method><method name="&lt;init&gt;" desc="(Ljava/lang/String;)V" line="9"><counter type="INSTRUCTION" missed="4" covered="0"/><counter type="LINE" missed="2" covered="0"/><counter type="COMPLEXITY" missed="1" covered="0"/><counter type="METHOD" missed="1" covered="0"/></method><counter type="INSTRUCTION" missed="4" covered="3"/><counter type="LINE" missed="2" covered="2"/><counter type="COMPLEXITY" missed="1" covered="1"/><counter type="METHOD" missed="1" covered="1"/><counter type="CLASS" missed="0" covered="1"/></class><class name="com/geektrust/backend/exceptions/InvalidOperationException" sourcefilename="InvalidOperationException.java"><method name="&lt;init&gt;" desc="()V" line="6"><counter type="INSTRUCTION" missed="3" covered="0"/><counter type="LINE" missed="2" covered="0"/><counter type="COMPLEXITY" missed="1" covered="0"/><counter type="METHOD" missed="1" covered="0"/></method><method name="&lt;init&gt;" desc="(Ljava/lang/String;)V" line="10"><counter type="INSTRUCTION" missed="4" covered="0"/><counter type="LINE" missed="2" covered="0"/><counter type="COMPLEXITY" missed="1" covered="0"/><counter type="METHOD" missed="1" covered="0"/></method><counter type="INSTRUCTION" missed="7" covered="0"/><counter type="LINE" missed="4" covered="0"/><counter type="COMPLEXITY" missed="2" covered="0"/><counter type="METHOD" missed="2" covered="0"/><counter type="CLASS" missed="1" covered="0"/></class><sourcefile name="InvalidOperationException.java"><line nr="6" mi="2" ci="0" mb="0" cb="0"/><line nr="7" mi="1" ci="0" mb="0" cb="0"/><line nr="10" mi="3" ci="0" mb="0" cb="0"/><line nr="11" mi="1" ci="0" mb="0" cb="0"/><counter type="INSTRUCTION" missed="7" covered="0"/><counter type="LINE" missed="4" covered="0"/><counter type="COMPLEXITY" missed="2" covered="0"/><counter type="METHOD" missed="2" covered="0"/><counter type="CLASS" missed="1" covered="0"/></sourcefile><sourcefile name="NoSuchCommandException.java"><line nr="5" mi="0" ci="2" mb="0" cb="0"/><line nr="6" mi="0" ci="1" mb="0" cb="0"/><line nr="9" mi="3" ci="0" mb="0" cb="0"/><line nr="10" mi="1" ci="0" mb="0" cb="0"/><counter type="INSTRUCTION" missed="4" covered="3"/><counter type="LINE" missed="2" covered="2"/><counter type="COMPLEXITY" missed="1" covered="1"/><counter type="METHOD" missed="1" covered="1"/><counter type="CLASS" missed="0" covered="1"/></sourcefile><counter type="INSTRUCTION" missed="11" covered="3"/><counter type="LINE" missed="6" covered="2"/><counter type="COMPLEXITY" missed="3" covered="1"/><counter type="METHOD" missed="3" covered="1"/><counter type="CLASS" missed="1" covered="1"/></package><package name="com/geektrust/backend/dto"><class name="com/geektrust/backend/dto/BillDto" sourcefilename="BillDto.java"><method name="&lt;init&gt;" desc="(Ljava/lang/Integer;Ljava/lang/Integer;)V" line="7"><counter type="INSTRUCTION" missed="0" covered="9"/><counter type="LINE" missed="0" covered="4"/><counter type="COMPLEXITY" missed="0" covered="1"/><counter type="METHOD" missed="0" covered="1"/></method><method name="toString" desc="()Ljava/lang/String;" line="14"><counter type="INSTRUCTION" missed="0" covered="13"/><counter type="LINE" missed="0" covered="1"/><counter type="COMPLEXITY" missed="0" covered="1"/><counter type="METHOD" missed="0" covered="1"/></method><counter type="INSTRUCTION" missed="0" covered="22"/><counter type="LINE" missed="0" covered="5"/><counter type="COMPLEXITY" missed="0" covered="2"/><counter type="METHOD" missed="0" covered="2"/><counter type="CLASS" missed="0" covered="1"/></class><sourcefile name="BillDto.java"><line nr="7" mi="0" ci="2" mb="0" cb="0"/><line nr="8" mi="0" ci="3" mb="0" cb="0"/><line nr="9" mi="0" ci="3" mb="0" cb="0"/><line nr="10" mi="0" ci="1" mb="0" cb="0"/><line nr="14" mi="0" ci="13" mb="0" cb="0"/><counter type="INSTRUCTION" missed="0" covered="22"/><counter type="LINE" missed="0" covered="5"/><counter type="COMPLEXITY" missed="0" covered="2"/><counter type="METHOD" missed="0" covered="2"/><counter type="CLASS" missed="0" covered="1"/></sourcefile><counter type="INSTRUCTION" missed="0" covered="22"/><counter type="LINE" missed="0" covered="5"/><counter type="COMPLEXITY" missed="0" covered="2"/><counter type="METHOD" missed="0" covered="2"/><counter type="CLASS" missed="0" covered="1"/></package><package name="com/geektrust/backend"><class name="com/geektrust/backend/App" sourcefilename="App.java"><method name="&lt;init&gt;" desc="()V" line="15"><counter type="INSTRUCTION" missed="3" covered="0"/><counter type="LINE" missed="1" covered="0"/><counter type="COMPLEXITY" missed="1" covered="0"/><counter type="METHOD" missed="1" covered="0"/></method><method name="main" desc="([Ljava/lang/String;)V" line="18"><counter type="INSTRUCTION" missed="24" covered="0"/><counter type="BRANCH" missed="2" covered="0"/><counter type="LINE" missed="7" covered="0"/><counter type="COMPLEXITY" missed="2" covered="0"/><counter type="METHOD" missed="1" covered="0"/></method><method name="run" desc="(Ljava/util/List;)V" line="29"><counter type="INSTRUCTION" missed="3" covered="45"/><counter type="BRANCH" missed="0" covered="2"/><counter type="LINE" missed="2" covered="13"/><counter type="COMPLEXITY" missed="0" covered="2"/><counter type="METHOD" missed="0" covered="1"/></method><method name="lambda$main$0" desc="(Ljava/lang/String;)Ljava/lang/String;" line="21"><counter type="INSTRUCTION" missed="6" covered="0"/><counter type="LINE" missed="1" covered="0"/><counter type="COMPLEXITY" missed="1" covered="0"/><counter type="METHOD" missed="1" covered="0"/></method><counter type="INSTRUCTION" missed="36" covered="45"/><counter type="BRANCH" missed="2" covered="2"/><counter type="LINE" missed="10" covered="13"/><counter type="COMPLEXITY" missed="4" covered="2"/><counter type="METHOD" missed="3" covered="1"/><counter type="CLASS" missed="0" covered="1"/></class><sourcefile name="App.java"><line nr="15" mi="3" ci="0" mb="0" cb="0"/><line nr="18" mi="6" ci="0" mb="0" cb="0"/><line nr="19" mi="2" ci="0" mb="0" cb="0"/><line nr="20" mi="1" ci="0" mb="0" cb="0"/><line nr="21" mi="14" ci="0" mb="0" cb="0"/><line nr="22" mi="4" ci="0" mb="2" cb="0"/><line nr="23" mi="2" ci="0" mb="0" cb="0"/><line nr="26" mi="1" ci="0" mb="0" cb="0"/><line nr="29" mi="0" ci="4" mb="0" cb="0"/><line nr="30" mi="0" ci="3" mb="0" cb="0"/><line nr="32" mi="0" ci="5" mb="0" cb="0"/><line nr="34" mi="0" ci="8" mb="0" cb="0"/><line nr="35" mi="0" ci="3" mb="0" cb="0"/><line nr="36" mi="0" ci="2" mb="0" cb="2"/><line nr="37" mi="0" ci="5" mb="0" cb="0"/><line nr="38" mi="0" ci="7" mb="0" cb="0"/><line nr="40" mi="0" ci="3" mb="0" cb="0"/><line nr="41" mi="0" ci="1" mb="0" cb="0"/><line nr="42" mi="0" ci="2" mb="0" cb="0"/><line nr="43" mi="1" ci="0" mb="0" cb="0"/><line nr="44" mi="2" ci="0" mb="0" cb="0"/><line nr="45" mi="0" ci="1" mb="0" cb="0"/><line nr="46" mi="0" ci="1" mb="0" cb="0"/><counter type="INSTRUCTION" missed="36" covered="45"/><counter type="BRANCH" missed="2" covered="2"/><counter type="LINE" missed="10" covered="13"/><counter type="COMPLEXITY" missed="4" covered="2"/><counter type="METHOD" missed="3" covered="1"/><counter type="CLASS" missed="0" covered="1"/></sourcefile><counter type="INSTRUCTION" missed="36" covered="45"/><counter type="BRANCH" missed="2" covered="2"/><counter type="LINE" missed="10" covered="13"/><counter type="COMPLEXITY" missed="4" covered="2"/><counter type="METHOD" missed="3" covered="1"/><counter type="CLASS" missed="0" covered="1"/></package><counter type="INSTRUCTION" missed="141" covered="538"/><counter type="BRANCH" missed="9" covered="11"/><counter type="LINE" missed="36" covered="136"/><counter type="COMPLEXITY" missed="13" covered="42"/><counter type="METHOD" missed="7" covered="38"/><counter type="CLASS" missed="1" covered="12"/></report>